C51 COMPILER V7.06   BEEP                                                                  09/04/2017 07:52:19 PAGE 1   


C51 COMPILER V7.06, COMPILATION OF MODULE BEEP
OBJECT MODULE PLACED IN beep.OBJ
COMPILER INVOKED BY: E:\Keil\C51\BIN\C51.EXE beep.c BROWSE DEBUG OBJECTEXTEND

stmt level    source

   1          #include"beep.h"
   2          //#include"carbaseic.h"
   3          
   4          void beep_start(){
   5   1       
   6   1         FM=0;
   7   1      }
   8          void beep_Stop(){
   9   1       
  10   1         FM=1;
  11   1      }


MODULE INFORMATION:   STATIC OVERLAYABLE
   CODE SIZE        =      6    ----
   CONSTANT SIZE    =   ----    ----
   XDATA SIZE       =   ----    ----
   PDATA SIZE       =   ----    ----
   DATA SIZE        =   ----    ----
   IDATA SIZE       =   ----    ----
   BIT SIZE         =   ----    ----
END OF MODULE INFORMATION.


C51 COMPILATION COMPLETE.  0 WARNING(S),  0 ERROR(S)
